<?xml version="1.0" encoding="UTF-8"?>
<testsuite xmlns:xsi="http://www.w3.org/2001/XMLSchema-instance" xsi:noNamespaceSchemaLocation="https://maven.apache.org/surefire/maven-surefire-plugin/xsd/surefire-test-report-3.0.xsd" version="3.0" name="com.SQD20.SQD20.LIVEPROJECT.service.impl.EmailServiceImplTest" time="0.317" tests="2" errors="0" skipped="0" failures="0">
  <properties>
[...]
</properties>
  <testcase name="sendEmailAlert_Success" classname="com.SQD20.SQD20.LIVEPROJECT.service.impl.EmailServiceImplTest" time="0.31">
    <system-out><![CDATA[Mail sent successfully
]]></system-out>
  </testcase>
  <testcase name="sendEmailAlert_Failure" classname="com.SQD20.SQD20.LIVEPROJECT.service.impl.EmailServiceImplTest" time="0.005"/>
</testsuite>