<?xml version="1.0" encoding="UTF-8"?>
<testsuite xmlns:xsi="http://www.w3.org/2001/XMLSchema-instance" xsi:noNamespaceSchemaLocation="https://maven.apache.org/surefire/maven-surefire-plugin/xsd/surefire-test-report-3.0.xsd" version="3.0" name="com.SQD20.SQD20.LIVEPROJECT.Sqd20LiveProjectApplicationTests" time="0.13" tests="1" errors="0" skipped="0" failures="0">
  <properties>
[...]
</properties>
  <testcase name="contextLoads" classname="com.SQD20.SQD20.LIVEPROJECT.Sqd20LiveProjectApplicationTests" time="0.06"/>
</testsuite>